<?xml version="1.0" encoding="UTF-8"?>
<!-- Generated by org.testng.reporters.JUnitXMLReporter -->
<testsuite hostname="sonalipat" ignored="1" name="Test" tests="3" failures="1" timestamp="14 Feb 2018 12:54:13 GMT" time="0.146" errors="0">
  <testcase name="test1" time="0.039" classname="Demo.TestngListeners">
    <failure type="java.lang.AssertionError" message="expected [true] but found [false]">
      <![CDATA[java.lang.AssertionError: expected [true] but found [false]
	at Demo.TestngListeners.test1(TestngListeners.java:13)
... Removed 29 stack frames]]>
    </failure>
  </testcase> <!-- test1 -->
  <testcase name="test2" time="0.005" classname="Demo.TestngListeners"/>
  <testcase name="test4" time="0.005" classname="Demo.TestngListeners">
    <skipped/>
  </testcase> <!-- test4 -->
  <testcase name="test3" time="0.0" classname="Demo.TestngListeners">
    <ignored/>
  </testcase> <!-- test3 -->
</testsuite> <!-- Test -->
